<?xml version="1.0" encoding="UTF-8"?>
<!-- Generated by org.testng.reporters.JUnitReportReporter -->
<testsuite ignored="0" hostname="DESKTOP-NROLRPI" failures="0" tests="1" name="testSel.SelTest" time="2.531" errors="0" timestamp="25 Jun 2022 14:39:46 GMT" skipped="0">
  <testcase classname="testSel.SelTest" name="f" time="2.531"/>
</testsuite> <!-- testSel.SelTest -->
